[0213/210329.038:ERROR:process_memory_win.cc(73)] ReadMemory at 0x1c1d7d40770 of 72 bytes failed: Somente uma parte de um pedido ReadProcessMemory ou WriteProcessMemory foi concluída. (0x12B)
[0213/210329.040:WARNING:pe_image_annotations_reader.cc(134)] could not read annotations list object in C:\Program Files (x86)\Google\Chrome\Application\79.0.3945.130\chrome_elf.dll
[0213/210329.040:ERROR:process_memory_win.cc(73)] ReadMemory at 0x1c1d79959c0 of 72 bytes failed: Somente uma parte de um pedido ReadProcessMemory ou WriteProcessMemory foi concluída. (0x12B)
[0213/210329.040:WARNING:pe_image_annotations_reader.cc(134)] could not read annotations list object in C:\Program Files (x86)\Google\Chrome\Application\79.0.3945.130\chrome_child.dll
[0213/210329.041:ERROR:process_memory_win.cc(73)] ReadMemory at 0x1c1d7ce0000 of 64 bytes failed: Somente uma parte de um pedido ReadProcessMemory ou WriteProcessMemory foi concluída. (0x12B)
[0213/210329.041:WARNING:pe_image_reader.cc(340)] could not read dos header from C:\WINDOWS\System32\IMM32.DLL
[0213/210329.041:ERROR:process_memory_win.cc(73)] ReadMemory at 0x7ff678410000 of 64 bytes failed: Somente uma parte de um pedido ReadProcessMemory ou WriteProcessMemory foi concluída. (0x12B)
[0213/210329.042:WARNING:pe_image_reader.cc(340)] could not read dos header from C:\Program Files (x86)\Google\Chrome\Application\chrome.exe
[0213/210329.042:ERROR:process_memory_win.cc(73)] ReadMemory at 0x1c1d7d40770 of 72 bytes failed: Somente uma parte de um pedido ReadProcessMemory ou WriteProcessMemory foi concluída. (0x12B)
[0213/210329.042:WARNING:pe_image_annotations_reader.cc(134)] could not read annotations list object in C:\Program Files (x86)\Google\Chrome\Application\79.0.3945.130\chrome_elf.dll
[0213/210329.042:ERROR:process_memory_win.cc(73)] ReadMemory at 0x7ffc67660000 of 64 bytes failed: Somente uma parte de um pedido ReadProcessMemory ou WriteProcessMemory foi concluída. (0x12B)
[0213/210329.042:WARNING:pe_image_reader.cc(340)] could not read dos header from C:\Program Files (x86)\Google\Chrome\Application\79.0.3945.130\chrome_child.dll
[0213/210329.043:ERROR:process_memory_win.cc(73)] ReadMemory at 0x1c1d7ce0000 of 64 bytes failed: Somente uma parte de um pedido ReadProcessMemory ou WriteProcessMemory foi concluída. (0x12B)
[0213/210329.043:WARNING:pe_image_reader.cc(340)] could not read dos header from C:\WINDOWS\System32\IMM32.DLL
[0213/210329.056:ERROR:process_memory_win.cc(73)] ReadMemory at 0x473bff7000 of 36864 bytes failed: Somente uma parte de um pedido ReadProcessMemory ou WriteProcessMemory foi concluída. (0x12B)
[0213/210329.056:ERROR:process_memory_win.cc(73)] ReadMemory at 0x473c7fd000 of 12288 bytes failed: Somente uma parte de um pedido ReadProcessMemory ou WriteProcessMemory foi concluída. (0x12B)
[0213/210329.056:ERROR:process_memory_win.cc(73)] ReadMemory at 0x473d7fd000 of 12288 bytes failed: Somente uma parte de um pedido ReadProcessMemory ou WriteProcessMemory foi concluída. (0x12B)
[0213/210329.056:ERROR:process_memory_win.cc(73)] ReadMemory at 0x473dffc000 of 16384 bytes failed: Somente uma parte de um pedido ReadProcessMemory ou WriteProcessMemory foi concluída. (0x12B)
[0213/210329.056:ERROR:process_memory_win.cc(73)] ReadMemory at 0x473e7fe000 of 8192 bytes failed: Somente uma parte de um pedido ReadProcessMemory ou WriteProcessMemory foi concluída. (0x12B)
[0213/210329.057:ERROR:process_memory_win.cc(73)] ReadMemory at 0x473effd000 of 12288 bytes failed: Somente uma parte de um pedido ReadProcessMemory ou WriteProcessMemory foi concluída. (0x12B)
[0213/210329.057:ERROR:process_memory_win.cc(73)] ReadMemory at 0x473f7fb000 of 20480 bytes failed: Somente uma parte de um pedido ReadProcessMemory ou WriteProcessMemory foi concluída. (0x12B)
[0213/210329.057:ERROR:process_memory_win.cc(73)] ReadMemory at 0x473fffd000 of 12288 bytes failed: Somente uma parte de um pedido ReadProcessMemory ou WriteProcessMemory foi concluída. (0x12B)
[0213/210329.057:ERROR:process_memory_win.cc(73)] ReadMemory at 0x4740ffd000 of 12288 bytes failed: Somente uma parte de um pedido ReadProcessMemory ou WriteProcessMemory foi concluída. (0x12B)
[0213/210329.057:ERROR:process_memory_win.cc(73)] ReadMemory at 0x47417fd000 of 12288 bytes failed: Somente uma parte de um pedido ReadProcessMemory ou WriteProcessMemory foi concluída. (0x12B)
[0213/210329.057:ERROR:process_memory_win.cc(73)] ReadMemory at 0x4741ffd000 of 12288 bytes failed: Somente uma parte de um pedido ReadProcessMemory ou WriteProcessMemory foi concluída. (0x12B)
[0213/210329.058:ERROR:process_memory_win.cc(73)] ReadMemory at 0x473cffc000 of 16384 bytes failed: Somente uma parte de um pedido ReadProcessMemory ou WriteProcessMemory foi concluída. (0x12B)
[0213/210329.058:ERROR:process_memory_win.cc(73)] ReadMemory at 0x47407fd000 of 12288 bytes failed: Somente uma parte de um pedido ReadProcessMemory ou WriteProcessMemory foi concluída. (0x12B)
[0213/210329.058:ERROR:process_memory_win.cc(73)] ReadMemory at 0x47427fd000 of 12288 bytes failed: Somente uma parte de um pedido ReadProcessMemory ou WriteProcessMemory foi concluída. (0x12B)
[0213/210329.058:ERROR:process_memory_win.cc(73)] ReadMemory at 0x473b79f000 of 852 bytes failed: Somente uma parte de um pedido ReadProcessMemory ou WriteProcessMemory foi concluída. (0x12B)
[0213/210329.058:ERROR:process_memory_win.cc(73)] ReadMemory at 0x473b7a0000 of 6024 bytes failed: Somente uma parte de um pedido ReadProcessMemory ou WriteProcessMemory foi concluída. (0x12B)
[0213/210329.058:ERROR:process_memory_win.cc(73)] ReadMemory at 0x473b7a2000 of 6024 bytes failed: Somente uma parte de um pedido ReadProcessMemory ou WriteProcessMemory foi concluída. (0x12B)
[0213/210329.058:ERROR:process_memory_win.cc(73)] ReadMemory at 0x473b7a6000 of 6024 bytes failed: Somente uma parte de um pedido ReadProcessMemory ou WriteProcessMemory foi concluída. (0x12B)
[0213/210329.058:ERROR:process_memory_win.cc(73)] ReadMemory at 0x473b7a8000 of 6024 bytes failed: Somente uma parte de um pedido ReadProcessMemory ou WriteProcessMemory foi concluída. (0x12B)
[0213/210329.059:ERROR:process_memory_win.cc(73)] ReadMemory at 0x473b7aa000 of 6024 bytes failed: Somente uma parte de um pedido ReadProcessMemory ou WriteProcessMemory foi concluída. (0x12B)
[0213/210329.059:ERROR:process_memory_win.cc(73)] ReadMemory at 0x473b7ac000 of 6024 bytes failed: Somente uma parte de um pedido ReadProcessMemory ou WriteProcessMemory foi concluída. (0x12B)
[0213/210329.059:ERROR:process_memory_win.cc(73)] ReadMemory at 0x473b7ae000 of 6024 bytes failed: Somente uma parte de um pedido ReadProcessMemory ou WriteProcessMemory foi concluída. (0x12B)
[0213/210329.059:ERROR:process_memory_win.cc(73)] ReadMemory at 0x473b7b0000 of 6024 bytes failed: Somente uma parte de um pedido ReadProcessMemory ou WriteProcessMemory foi concluída. (0x12B)
[0213/210329.059:ERROR:process_memory_win.cc(73)] ReadMemory at 0x473b7b4000 of 6024 bytes failed: Somente uma parte de um pedido ReadProcessMemory ou WriteProcessMemory foi concluída. (0x12B)
[0213/210329.059:ERROR:process_memory_win.cc(73)] ReadMemory at 0x473b7b6000 of 6024 bytes failed: Somente uma parte de um pedido ReadProcessMemory ou WriteProcessMemory foi concluída. (0x12B)
[0213/210329.059:ERROR:process_memory_win.cc(73)] ReadMemory at 0x473b7b8000 of 6024 bytes failed: Somente uma parte de um pedido ReadProcessMemory ou WriteProcessMemory foi concluída. (0x12B)
[0213/210329.059:ERROR:process_memory_win.cc(73)] ReadMemory at 0x473b7be000 of 6024 bytes failed: Somente uma parte de um pedido ReadProcessMemory ou WriteProcessMemory foi concluída. (0x12B)
[0213/210329.059:ERROR:process_memory_win.cc(73)] ReadMemory at 0x473b7c2000 of 6024 bytes failed: Somente uma parte de um pedido ReadProcessMemory ou WriteProcessMemory foi concluída. (0x12B)
[0213/210329.059:ERROR:process_memory_win.cc(73)] ReadMemory at 0x473b7c4000 of 6024 bytes failed: Somente uma parte de um pedido ReadProcessMemory ou WriteProcessMemory foi concluída. (0x12B)
[0213/210329.060:ERROR:process_memory_win.cc(73)] ReadMemory at 0x1c1d7700750 of 80 bytes failed: Somente uma parte de um pedido ReadProcessMemory ou WriteProcessMemory foi concluída. (0x12B)
[0213/210329.060:ERROR:process_memory_win.cc(73)] ReadMemory at 0x1c1d7700fe0 of 5126 bytes failed: Somente uma parte de um pedido ReadProcessMemory ou WriteProcessMemory foi concluída. (0x12B)
[0213/210329.060:ERROR:process_memory_win.cc(73)] ReadMemory at 0x1c1d77023f0 of 1012 bytes failed: Somente uma parte de um pedido ReadProcessMemory ou WriteProcessMemory foi concluída. (0x12B)
[0213/210329.060:ERROR:process_memory_win.cc(73)] ReadMemory at 0x1c1d7702a38 of 118 bytes failed: Somente uma parte de um pedido ReadProcessMemory ou WriteProcessMemory foi concluída. (0x12B)
[0213/210329.060:ERROR:process_memory_win.cc(73)] ReadMemory at 0x1c1d7702ab0 of 1410 bytes failed: Somente uma parte de um pedido ReadProcessMemory ou WriteProcessMemory foi concluída. (0x12B)
[0213/210329.060:ERROR:process_memory_win.cc(73)] ReadMemory at 0x1c1d7703034 of 118 bytes failed: Somente uma parte de um pedido ReadProcessMemory ou WriteProcessMemory foi concluída. (0x12B)
[0213/210329.060:ERROR:process_memory_win.cc(73)] ReadMemory at 0x1c1d77030ac of 100 bytes failed: Somente uma parte de um pedido ReadProcessMemory ou WriteProcessMemory foi concluída. (0x12B)
[0213/210329.060:ERROR:process_memory_win.cc(73)] ReadMemory at 0x1c1d7703120 of 58 bytes failed: Somente uma parte de um pedido ReadProcessMemory ou WriteProcessMemory foi concluída. (0x12B)
[0213/210329.060:ERROR:process_memory_win.cc(73)] ReadMemory at 0x1c1d7703220 of 132 bytes failed: Somente uma parte de um pedido ReadProcessMemory ou WriteProcessMemory foi concluída. (0x12B)
[0213/210329.061:ERROR:process_memory_win.cc(73)] ReadMemory at 0x1c1d77033b0 of 132 bytes failed: Somente uma parte de um pedido ReadProcessMemory ou WriteProcessMemory foi concluída. (0x12B)
[0213/210329.061:ERROR:process_memory_win.cc(73)] ReadMemory at 0x1c1d7703570 of 126 bytes failed: Somente uma parte de um pedido ReadProcessMemory ou WriteProcessMemory foi concluída. (0x12B)
[0213/210329.061:ERROR:process_memory_win.cc(73)] ReadMemory at 0x1c1d7703950 of 132 bytes failed: Somente uma parte de um pedido ReadProcessMemory ou WriteProcessMemory foi concluída. (0x12B)
[0213/210329.061:ERROR:process_memory_win.cc(73)] ReadMemory at 0x1c1d7703ae0 of 64 bytes failed: Somente uma parte de um pedido ReadProcessMemory ou WriteProcessMemory foi concluída. (0x12B)
[0213/210329.061:ERROR:process_memory_win.cc(73)] ReadMemory at 0x1c1d7703b30 of 132 bytes failed: Somente uma parte de um pedido ReadProcessMemory ou WriteProcessMemory foi concluída. (0x12B)
[0213/210329.061:ERROR:process_memory_win.cc(73)] ReadMemory at 0x1c1d7703ca0 of 132 bytes failed: Somente uma parte de um pedido ReadProcessMemory ou WriteProcessMemory foi concluída. (0x12B)
[0213/210329.061:ERROR:process_memory_win.cc(73)] ReadMemory at 0x1c1d7703f40 of 132 bytes failed: Somente uma parte de um pedido ReadProcessMemory ou WriteProcessMemory foi concluída. (0x12B)
[0213/210329.061:ERROR:process_memory_win.cc(73)] ReadMemory at 0x1c1d77040d0 of 68 bytes failed: Somente uma parte de um pedido ReadProcessMemory ou WriteProcessMemory foi concluída. (0x12B)
[0213/210329.061:ERROR:process_memory_win.cc(73)] ReadMemory at 0x1c1d7705200 of 158 bytes failed: Somente uma parte de um pedido ReadProcessMemory ou WriteProcessMemory foi concluída. (0x12B)
[0213/210329.061:ERROR:process_memory_win.cc(73)] ReadMemory at 0x1c1d77052e0 of 132 bytes failed: Somente uma parte de um pedido ReadProcessMemory ou WriteProcessMemory foi concluída. (0x12B)
[0213/210329.062:ERROR:process_memory_win.cc(73)] ReadMemory at 0x1c1d7705470 of 154 bytes failed: Somente uma parte de um pedido ReadProcessMemory ou WriteProcessMemory foi concluída. (0x12B)
[0213/210329.062:ERROR:process_memory_win.cc(73)] ReadMemory at 0x1c1d7706260 of 62 bytes failed: Somente uma parte de um pedido ReadProcessMemory ou WriteProcessMemory foi concluída. (0x12B)
[0213/210329.062:ERROR:process_memory_win.cc(73)] ReadMemory at 0x1c1d7706450 of 132 bytes failed: Somente uma parte de um pedido ReadProcessMemory ou WriteProcessMemory foi concluída. (0x12B)
[0213/210329.062:ERROR:process_memory_win.cc(73)] ReadMemory at 0x1c1d7706580 of 60 bytes failed: Somente uma parte de um pedido ReadProcessMemory ou WriteProcessMemory foi concluída. (0x12B)
[0213/210329.062:ERROR:process_memory_win.cc(73)] ReadMemory at 0x1c1d77066e0 of 132 bytes failed: Somente uma parte de um pedido ReadProcessMemory ou WriteProcessMemory foi concluída. (0x12B)
[0213/210329.062:ERROR:process_memory_win.cc(73)] ReadMemory at 0x1c1d7708230 of 132 bytes failed: Somente uma parte de um pedido ReadProcessMemory ou WriteProcessMemory foi concluída. (0x12B)
[0213/210329.062:ERROR:process_memory_win.cc(73)] ReadMemory at 0x1c1d770b1d0 of 64 bytes failed: Somente uma parte de um pedido ReadProcessMemory ou WriteProcessMemory foi concluída. (0x12B)
[0213/210329.062:ERROR:process_memory_win.cc(73)] ReadMemory at 0x1c1d770b270 of 64 bytes failed: Somente uma parte de um pedido ReadProcessMemory ou WriteProcessMemory foi concluída. (0x12B)
[0213/210329.062:ERROR:process_memory_win.cc(73)] ReadMemory at 0x1c1d770b310 of 60 bytes failed: Somente uma parte de um pedido ReadProcessMemory ou WriteProcessMemory foi concluída. (0x12B)
[0213/210329.062:ERROR:process_memory_win.cc(73)] ReadMemory at 0x1c1d770b3b0 of 66 bytes failed: Somente uma parte de um pedido ReadProcessMemory ou WriteProcessMemory foi concluída. (0x12B)
[0213/210329.062:ERROR:process_memory_win.cc(73)] ReadMemory at 0x1c1d770b400 of 62 bytes failed: Somente uma parte de um pedido ReadProcessMemory ou WriteProcessMemory foi concluída. (0x12B)
[0213/210329.062:ERROR:process_memory_win.cc(73)] ReadMemory at 0x1c1d770b450 of 64 bytes failed: Somente uma parte de um pedido ReadProcessMemory ou WriteProcessMemory foi concluída. (0x12B)
[0213/210329.063:ERROR:process_memory_win.cc(73)] ReadMemory at 0x1c1d770b5e0 of 62 bytes failed: Somente uma parte de um pedido ReadProcessMemory ou WriteProcessMemory foi concluída. (0x12B)
[0213/210329.063:ERROR:process_memory_win.cc(73)] ReadMemory at 0x1c1d770b630 of 64 bytes failed: Somente uma parte de um pedido ReadProcessMemory ou WriteProcessMemory foi concluída. (0x12B)
[0213/210329.063:ERROR:process_memory_win.cc(73)] ReadMemory at 0x1c1d770b680 of 60 bytes failed: Somente uma parte de um pedido ReadProcessMemory ou WriteProcessMemory foi concluída. (0x12B)
[0213/210329.063:ERROR:process_memory_win.cc(73)] ReadMemory at 0x1c1d770b940 of 132 bytes failed: Somente uma parte de um pedido ReadProcessMemory ou WriteProcessMemory foi concluída. (0x12B)
[0213/210329.063:ERROR:process_memory_win.cc(73)] ReadMemory at 0x1c1d770ba70 of 132 bytes failed: Somente uma parte de um pedido ReadProcessMemory ou WriteProcessMemory foi concluída. (0x12B)
[0213/210329.063:ERROR:process_memory_win.cc(73)] ReadMemory at 0x1c1d770bba0 of 132 bytes failed: Somente uma parte de um pedido ReadProcessMemory ou WriteProcessMemory foi concluída. (0x12B)
[0213/210329.064:ERROR:process_memory_win.cc(73)] ReadMemory at 0x1c1d770bcd0 of 132 bytes failed: Somente uma parte de um pedido ReadProcessMemory ou WriteProcessMemory foi concluída. (0x12B)
[0213/210329.064:ERROR:process_memory_win.cc(73)] ReadMemory at 0x1c1d770be00 of 132 bytes failed: Somente uma parte de um pedido ReadProcessMemory ou WriteProcessMemory foi concluída. (0x12B)
[0213/210329.064:ERROR:process_memory_win.cc(73)] ReadMemory at 0x1c1d770bf30 of 132 bytes failed: Somente uma parte de um pedido ReadProcessMemory ou WriteProcessMemory foi concluída. (0x12B)
[0213/210329.064:ERROR:process_memory_win.cc(73)] ReadMemory at 0x1c1d770c060 of 132 bytes failed: Somente uma parte de um pedido ReadProcessMemory ou WriteProcessMemory foi concluída. (0x12B)
[0213/210329.064:ERROR:process_memory_win.cc(73)] ReadMemory at 0x1c1d770c190 of 132 bytes failed: Somente uma parte de um pedido ReadProcessMemory ou WriteProcessMemory foi concluída. (0x12B)
[0213/210329.064:ERROR:process_memory_win.cc(73)] ReadMemory at 0x1c1d770c2c0 of 132 bytes failed: Somente uma parte de um pedido ReadProcessMemory ou WriteProcessMemory foi concluída. (0x12B)
[0213/210329.064:ERROR:process_memory_win.cc(73)] ReadMemory at 0x1c1d770c520 of 132 bytes failed: Somente uma parte de um pedido ReadProcessMemory ou WriteProcessMemory foi concluída. (0x12B)
[0213/210329.064:ERROR:process_memory_win.cc(73)] ReadMemory at 0x1c1d770c650 of 132 bytes failed: Somente uma parte de um pedido ReadProcessMemory ou WriteProcessMemory foi concluída. (0x12B)
[0213/210329.064:ERROR:process_memory_win.cc(73)] ReadMemory at 0x1c1d770c780 of 132 bytes failed: Somente uma parte de um pedido ReadProcessMemory ou WriteProcessMemory foi concluída. (0x12B)
[0213/210329.064:ERROR:process_memory_win.cc(73)] ReadMemory at 0x1c1d770ea20 of 54 bytes failed: Somente uma parte de um pedido ReadProcessMemory ou WriteProcessMemory foi concluída. (0x12B)
[0213/210329.064:ERROR:process_memory_win.cc(73)] ReadMemory at 0x1c1d770eb20 of 132 bytes failed: Somente uma parte de um pedido ReadProcessMemory ou WriteProcessMemory foi concluída. (0x12B)
[0213/210329.064:ERROR:process_memory_win.cc(73)] ReadMemory at 0x1c1d770f700 of 132 bytes failed: Somente uma parte de um pedido ReadProcessMemory ou WriteProcessMemory foi concluída. (0x12B)
[0213/210329.064:ERROR:process_memory_win.cc(73)] ReadMemory at 0x1c1d770f970 of 132 bytes failed: Somente uma parte de um pedido ReadProcessMemory ou WriteProcessMemory foi concluída. (0x12B)
[0213/210329.065:ERROR:process_memory_win.cc(73)] ReadMemory at 0x1c1d770faa0 of 132 bytes failed: Somente uma parte de um pedido ReadProcessMemory ou WriteProcessMemory foi concluída. (0x12B)
[0213/210329.065:ERROR:process_memory_win.cc(73)] ReadMemory at 0x1c1d7711ef0 of 132 bytes failed: Somente uma parte de um pedido ReadProcessMemory ou WriteProcessMemory foi concluída. (0x12B)
[0213/210329.065:ERROR:process_memory_win.cc(73)] ReadMemory at 0x1c1d7713a90 of 132 bytes failed: Somente uma parte de um pedido ReadProcessMemory ou WriteProcessMemory foi concluída. (0x12B)
[0213/210329.065:ERROR:process_memory_win.cc(73)] ReadMemory at 0x1c1d7714570 of 132 bytes failed: Somente uma parte de um pedido ReadProcessMemory ou WriteProcessMemory foi concluída. (0x12B)
[0213/210329.065:ERROR:process_memory_win.cc(73)] ReadMemory at 0x1c1d77153d0 of 76 bytes failed: Somente uma parte de um pedido ReadProcessMemory ou WriteProcessMemory foi concluída. (0x12B)
[0213/210329.065:ERROR:process_memory_win.cc(73)] ReadMemory at 0x1c1d7715850 of 78 bytes failed: Somente uma parte de um pedido ReadProcessMemory ou WriteProcessMemory foi concluída. (0x12B)
[0213/210329.065:ERROR:process_memory_win.cc(73)] ReadMemory at 0x1c1d7715ba0 of 66 bytes failed: Somente uma parte de um pedido ReadProcessMemory ou WriteProcessMemory foi concluída. (0x12B)
[0213/210329.065:ERROR:process_memory_win.cc(73)] ReadMemory at 0x1c1d7715bf0 of 62 bytes failed: Somente uma parte de um pedido ReadProcessMemory ou WriteProcessMemory foi concluída. (0x12B)
[0213/210329.065:ERROR:process_memory_win.cc(73)] ReadMemory at 0x1c1d7715c40 of 62 bytes failed: Somente uma parte de um pedido ReadProcessMemory ou WriteProcessMemory foi concluída. (0x12B)
[0213/210329.065:ERROR:process_memory_win.cc(73)] ReadMemory at 0x1c1d7715d80 of 64 bytes failed: Somente uma parte de um pedido ReadProcessMemory ou WriteProcessMemory foi concluída. (0x12B)
[0213/210329.065:ERROR:process_memory_win.cc(73)] ReadMemory at 0x1c1d7715dd0 of 64 bytes failed: Somente uma parte de um pedido ReadProcessMemory ou WriteProcessMemory foi concluída. (0x12B)
[0213/210329.065:ERROR:process_memory_win.cc(73)] ReadMemory at 0x1c1d7715e20 of 62 bytes failed: Somente uma parte de um pedido ReadProcessMemory ou WriteProcessMemory foi concluída. (0x12B)
[0213/210329.065:ERROR:process_memory_win.cc(73)] ReadMemory at 0x1c1d7715f10 of 62 bytes failed: Somente uma parte de um pedido ReadProcessMemory ou WriteProcessMemory foi concluída. (0x12B)
[0213/210329.065:ERROR:process_memory_win.cc(73)] ReadMemory at 0x1c1d7715fb0 of 60 bytes failed: Somente uma parte de um pedido ReadProcessMemory ou WriteProcessMemory foi concluída. (0x12B)
[0213/210329.065:ERROR:process_memory_win.cc(73)] ReadMemory at 0x1c1d7716050 of 62 bytes failed: Somente uma parte de um pedido ReadProcessMemory ou WriteProcessMemory foi concluída. (0x12B)
[0213/210329.065:ERROR:process_memory_win.cc(73)] ReadMemory at 0x1c1d77160a0 of 60 bytes failed: Somente uma parte de um pedido ReadProcessMemory ou WriteProcessMemory foi concluída. (0x12B)
[0213/210329.065:ERROR:process_memory_win.cc(73)] ReadMemory at 0x1c1d7716140 of 64 bytes failed: Somente uma parte de um pedido ReadProcessMemory ou WriteProcessMemory foi concluída. (0x12B)
[0213/210329.065:ERROR:process_memory_win.cc(73)] ReadMemory at 0x1c1d7716190 of 62 bytes failed: Somente uma parte de um pedido ReadProcessMemory ou WriteProcessMemory foi concluída. (0x12B)
[0213/210329.065:ERROR:process_memory_win.cc(73)] ReadMemory at 0x1c1d7716370 of 60 bytes failed: Somente uma parte de um pedido ReadProcessMemory ou WriteProcessMemory foi concluída. (0x12B)
[0213/210329.066:ERROR:process_memory_win.cc(73)] ReadMemory at 0x1c1d7716410 of 64 bytes failed: Somente uma parte de um pedido ReadProcessMemory ou WriteProcessMemory foi concluída. (0x12B)
[0213/210329.066:ERROR:process_memory_win.cc(73)] ReadMemory at 0x1c1d77164b0 of 62 bytes failed: Somente uma parte de um pedido ReadProcessMemory ou WriteProcessMemory foi concluída. (0x12B)
[0213/210329.066:ERROR:process_memory_win.cc(73)] ReadMemory at 0x1c1d77165a0 of 62 bytes failed: Somente uma parte de um pedido ReadProcessMemory ou WriteProcessMemory foi concluída. (0x12B)
[0213/210329.066:ERROR:process_memory_win.cc(73)] ReadMemory at 0x1c1d7716730 of 62 bytes failed: Somente uma parte de um pedido ReadProcessMemory ou WriteProcessMemory foi concluída. (0x12B)
[0213/210329.066:ERROR:process_memory_win.cc(73)] ReadMemory at 0x1c1d77169b0 of 64 bytes failed: Somente uma parte de um pedido ReadProcessMemory ou WriteProcessMemory foi concluída. (0x12B)
[0213/210329.066:ERROR:process_memory_win.cc(73)] ReadMemory at 0x1c1d7716a00 of 60 bytes failed: Somente uma parte de um pedido ReadProcessMemory ou WriteProcessMemory foi concluída. (0x12B)
[0213/210329.066:ERROR:process_memory_win.cc(73)] ReadMemory at 0x1c1d7716a50 of 58 bytes failed: Somente uma parte de um pedido ReadProcessMemory ou WriteProcessMemory foi concluída. (0x12B)
[0213/210329.066:ERROR:process_memory_win.cc(73)] ReadMemory at 0x1c1d7717a70 of 132 bytes failed: Somente uma parte de um pedido ReadProcessMemory ou WriteProcessMemory foi concluída. (0x12B)
[0213/210329.066:ERROR:process_memory_win.cc(73)] ReadMemory at 0x1c1d7717cd0 of 132 bytes failed: Somente uma parte de um pedido ReadProcessMemory ou WriteProcessMemory foi concluída. (0x12B)
[0213/210329.066:ERROR:process_memory_win.cc(73)] ReadMemory at 0x1c1d7717f30 of 132 bytes failed: Somente uma parte de um pedido ReadProcessMemory ou WriteProcessMemory foi concluída. (0x12B)
[0213/210329.066:ERROR:process_memory_win.cc(73)] ReadMemory at 0x1c1d7718060 of 132 bytes failed: Somente uma parte de um pedido ReadProcessMemory ou WriteProcessMemory foi concluída. (0x12B)
[0213/210329.066:ERROR:process_memory_win.cc(73)] ReadMemory at 0x1c1d7718190 of 132 bytes failed: Somente uma parte de um pedido ReadProcessMemory ou WriteProcessMemory foi concluída. (0x12B)
[0213/210329.066:ERROR:process_memory_win.cc(73)] ReadMemory at 0x1c1d77182c0 of 132 bytes failed: Somente uma parte de um pedido ReadProcessMemory ou WriteProcessMemory foi concluída. (0x12B)
[0213/210329.066:ERROR:process_memory_win.cc(73)] ReadMemory at 0x1c1d77183f0 of 132 bytes failed: Somente uma parte de um pedido ReadProcessMemory ou WriteProcessMemory foi concluída. (0x12B)
[0213/210329.066:ERROR:process_memory_win.cc(73)] ReadMemory at 0x1c1d7718520 of 132 bytes failed: Somente uma parte de um pedido ReadProcessMemory ou WriteProcessMemory foi concluída. (0x12B)
[0213/210329.066:ERROR:process_memory_win.cc(73)] ReadMemory at 0x1c1d7718650 of 132 bytes failed: Somente uma parte de um pedido ReadProcessMemory ou WriteProcessMemory foi concluída. (0x12B)
[0213/210329.066:ERROR:process_memory_win.cc(73)] ReadMemory at 0x1c1d7718780 of 132 bytes failed: Somente uma parte de um pedido ReadProcessMemory ou WriteProcessMemory foi concluída. (0x12B)
[0213/210329.066:ERROR:process_memory_win.cc(73)] ReadMemory at 0x1c1d77189e0 of 132 bytes failed: Somente uma parte de um pedido ReadProcessMemory ou WriteProcessMemory foi concluída. (0x12B)
[0213/210329.067:ERROR:process_memory_win.cc(73)] ReadMemory at 0x1c1d7718b10 of 132 bytes failed: Somente uma parte de um pedido ReadProcessMemory ou WriteProcessMemory foi concluída. (0x12B)
[0213/210329.067:ERROR:process_memory_win.cc(73)] ReadMemory at 0x1c1d7718d70 of 132 bytes failed: Somente uma parte de um pedido ReadProcessMemory ou WriteProcessMemory foi concluída. (0x12B)
[0213/210329.067:ERROR:process_memory_win.cc(73)] ReadMemory at 0x1c1d7718ea0 of 132 bytes failed: Somente uma parte de um pedido ReadProcessMemory ou WriteProcessMemory foi concluída. (0x12B)
[0213/210329.067:ERROR:process_memory_win.cc(73)] ReadMemory at 0x1c1d7718fd0 of 132 bytes failed: Somente uma parte de um pedido ReadProcessMemory ou WriteProcessMemory foi concluída. (0x12B)
[0213/210329.067:ERROR:process_memory_win.cc(73)] ReadMemory at 0x1c1d7719100 of 132 bytes failed: Somente uma parte de um pedido ReadProcessMemory ou WriteProcessMemory foi concluída. (0x12B)
[0213/210329.067:ERROR:process_memory_win.cc(73)] ReadMemory at 0x1c1d7719230 of 132 bytes failed: Somente uma parte de um pedido ReadProcessMemory ou WriteProcessMemory foi concluída. (0x12B)
[0213/210329.067:ERROR:process_memory_win.cc(73)] ReadMemory at 0x1c1d77195c0 of 132 bytes failed: Somente uma parte de um pedido ReadProcessMemory ou WriteProcessMemory foi concluída. (0x12B)
[0213/210329.067:ERROR:process_memory_win.cc(73)] ReadMemory at 0x1c1d77196f0 of 132 bytes failed: Somente uma parte de um pedido ReadProcessMemory ou WriteProcessMemory foi concluída. (0x12B)
[0213/210329.067:ERROR:process_memory_win.cc(73)] ReadMemory at 0x1c1d7719820 of 132 bytes failed: Somente uma parte de um pedido ReadProcessMemory ou WriteProcessMemory foi concluída. (0x12B)
[0213/210329.067:ERROR:process_memory_win.cc(73)] ReadMemory at 0x1c1d772c120 of 60 bytes failed: Somente uma parte de um pedido ReadProcessMemory ou WriteProcessMemory foi concluída. (0x12B)
[0213/210329.067:ERROR:process_memory_win.cc(73)] ReadMemory at 0x1c1d772c210 of 60 bytes failed: Somente uma parte de um pedido ReadProcessMemory ou WriteProcessMemory foi concluída. (0x12B)
[0213/210329.067:ERROR:process_memory_win.cc(73)] ReadMemory at 0x1c1d772c260 of 66 bytes failed: Somente uma parte de um pedido ReadProcessMemory ou WriteProcessMemory foi concluída. (0x12B)
[0213/210329.067:ERROR:process_memory_win.cc(73)] ReadMemory at 0x1c1d772c2b0 of 62 bytes failed: Somente uma parte de um pedido ReadProcessMemory ou WriteProcessMemory foi concluída. (0x12B)
[0213/210329.067:ERROR:process_memory_win.cc(73)] ReadMemory at 0x1c1d772c300 of 58 bytes failed: Somente uma parte de um pedido ReadProcessMemory ou WriteProcessMemory foi concluída. (0x12B)
[0213/210329.067:ERROR:process_memory_win.cc(73)] ReadMemory at 0x1c1d772c3a0 of 58 bytes failed: Somente uma parte de um pedido ReadProcessMemory ou WriteProcessMemory foi concluída. (0x12B)
[0213/210329.067:ERROR:process_memory_win.cc(73)] ReadMemory at 0x1c1d772c850 of 62 bytes failed: Somente uma parte de um pedido ReadProcessMemory ou WriteProcessMemory foi concluída. (0x12B)
[0213/210329.067:ERROR:process_memory_win.cc(73)] ReadMemory at 0x1c1d772c940 of 58 bytes failed: Somente uma parte de um pedido ReadProcessMemory ou WriteProcessMemory foi concluída. (0x12B)
[0213/210329.068:ERROR:process_memory_win.cc(73)] ReadMemory at 0x1c1d7735680 of 512 bytes failed: Somente uma parte de um pedido ReadProcessMemory ou WriteProcessMemory foi concluída. (0x12B)
[0213/210329.068:ERROR:process_memory_win.cc(73)] ReadMemory at 0x1c1d7736390 of 512 bytes failed: Somente uma parte de um pedido ReadProcessMemory ou WriteProcessMemory foi concluída. (0x12B)
[0213/210329.068:ERROR:process_memory_win.cc(73)] ReadMemory at 0x1c1d7850c40 of 896 bytes failed: Somente uma parte de um pedido ReadProcessMemory ou WriteProcessMemory foi concluída. (0x12B)
[0213/210329.068:ERROR:process_memory_win.cc(73)] ReadMemory at 0x1c1d7852e00 of 512 bytes failed: Somente uma parte de um pedido ReadProcessMemory ou WriteProcessMemory foi concluída. (0x12B)
[0213/210329.068:ERROR:process_memory_win.cc(73)] ReadMemory at 0x1c1d79b4120 of 512 bytes failed: Somente uma parte de um pedido ReadProcessMemory ou WriteProcessMemory foi concluída. (0x12B)
[0213/210329.068:ERROR:process_memory_win.cc(73)] ReadMemory at 0x1c1d79c05f0 of 512 bytes failed: Somente uma parte de um pedido ReadProcessMemory ou WriteProcessMemory foi concluída. (0x12B)
[0213/210329.068:ERROR:process_memory_win.cc(73)] ReadMemory at 0x1c1d79c1918 of 512 bytes failed: Somente uma parte de um pedido ReadProcessMemory ou WriteProcessMemory foi concluída. (0x12B)
[0213/210329.068:ERROR:process_memory_win.cc(73)] ReadMemory at 0x1c1d79c2230 of 512 bytes failed: Somente uma parte de um pedido ReadProcessMemory ou WriteProcessMemory foi concluída. (0x12B)
[0213/210329.068:ERROR:process_memory_win.cc(73)] ReadMemory at 0x1c1d79e7aa0 of 712 bytes failed: Somente uma parte de um pedido ReadProcessMemory ou WriteProcessMemory foi concluída. (0x12B)
[0213/210329.069:ERROR:process_memory_win.cc(73)] ReadMemory at 0x1c1d79fefd0 of 512 bytes failed: Somente uma parte de um pedido ReadProcessMemory ou WriteProcessMemory foi concluída. (0x12B)
[0213/210329.069:ERROR:process_memory_win.cc(73)] ReadMemory at 0x1c1d7a02a80 of 512 bytes failed: Somente uma parte de um pedido ReadProcessMemory ou WriteProcessMemory foi concluída. (0x12B)
[0213/210329.069:ERROR:process_memory_win.cc(73)] ReadMemory at 0x1c1d9b846f0 of 512 bytes failed: Somente uma parte de um pedido ReadProcessMemory ou WriteProcessMemory foi concluída. (0x12B)
[0213/210329.069:ERROR:process_memory_win.cc(73)] ReadMemory at 0x1c1d9b97568 of 512 bytes failed: Somente uma parte de um pedido ReadProcessMemory ou WriteProcessMemory foi concluída. (0x12B)
[0213/210329.069:ERROR:process_memory_win.cc(73)] ReadMemory at 0x1c1d9b985b8 of 512 bytes failed: Somente uma parte de um pedido ReadProcessMemory ou WriteProcessMemory foi concluída. (0x12B)
[0213/210329.069:ERROR:process_memory_win.cc(73)] ReadMemory at 0x1c1d9b99068 of 512 bytes failed: Somente uma parte de um pedido ReadProcessMemory ou WriteProcessMemory foi concluída. (0x12B)
[0213/210329.069:ERROR:process_memory_win.cc(73)] ReadMemory at 0x1c1d9cd4e80 of 512 bytes failed: Somente uma parte de um pedido ReadProcessMemory ou WriteProcessMemory foi concluída. (0x12B)
[0213/210329.069:ERROR:process_memory_win.cc(73)] ReadMemory at 0x13ab55049d98 of 512 bytes failed: Somente uma parte de um pedido ReadProcessMemory ou WriteProcessMemory foi concluída. (0x12B)
[0213/210329.069:ERROR:process_memory_win.cc(73)] ReadMemory at 0x7ffc6911f0ec of 512 bytes failed: Somente uma parte de um pedido ReadProcessMemory ou WriteProcessMemory foi concluída. (0x12B)
[0213/210329.069:ERROR:process_memory_win.cc(73)] ReadMemory at 0x7ffc69f0f151 of 512 bytes failed: Somente uma parte de um pedido ReadProcessMemory ou WriteProcessMemory foi concluída. (0x12B)
[0213/210329.070:ERROR:process_memory_win.cc(73)] ReadMemory at 0x7ffcb33fb6d0 of 512 bytes failed: Somente uma parte de um pedido ReadProcessMemory ou WriteProcessMemory foi concluída. (0x12B)
[0213/210329.070:ERROR:process_memory_win.cc(73)] ReadMemory at 0x7ffcb587c0c4 of 832 bytes failed: Somente uma parte de um pedido ReadProcessMemory ou WriteProcessMemory foi concluída. (0x12B)
[0213/210329.070:ERROR:process_memory_win.cc(73)] ReadMemory at 0x7ffcb587f974 of 608 bytes failed: Somente uma parte de um pedido ReadProcessMemory ou WriteProcessMemory foi concluída. (0x12B)
[0213/210329.070:ERROR:process_memory_win.cc(73)] ReadMemory at 0x7ffcb590c428 of 18 bytes failed: Somente uma parte de um pedido ReadProcessMemory ou WriteProcessMemory foi concluída. (0x12B)
[0213/210329.070:ERROR:process_memory_win.cc(73)] ReadMemory at 0x7ffcb593f4f8 of 40 bytes failed: Somente uma parte de um pedido ReadProcessMemory ou WriteProcessMemory foi concluída. (0x12B)
[0213/210329.070:ERROR:process_memory_win.cc(73)] ReadMemory at 0x7ffcb593f978 of 48 bytes failed: Somente uma parte de um pedido ReadProcessMemory ou WriteProcessMemory foi concluída. (0x12B)
[0213/210329.070:ERROR:process_memory_win.cc(73)] ReadMemory at 0x7ffcb59453c0 of 64 bytes failed: Somente uma parte de um pedido ReadProcessMemory ou WriteProcessMemory foi concluída. (0x12B)
[0213/210329.072:ERROR:scoped_process_suspend.cc(40)] NtResumeProcess: Tentou-se acessar um processo de saída. (0xc000010a)
